[Licensing::Module] Trying to connect to existing licensing client channel...
Built from '6000.5/staging' branch; Version is '6000.5.3f1 (c2eb47b3a2a9) revision 12774215'; Using compiler version '194234433'; Build Type 'Release'
OS: 'Windows 11  (10.0.26200) Core' Language: 'en' Physical Memory: 32441 MB
BatchMode: 1, IsHumanControllingUs: 0, StartBugReporterOnCrash: 0, Is64bit: 1
System  architecture: x64
Process architecture: x64
Date: 2026-07-14T04:53:23Z
[Licensing::IpcConnector] Successfully connected to: "LicenseClient-hsu96" at "2026-07-14T04:53:23.728286Z"

COMMAND LINE ARGUMENTS:
C:\Program Files\Unity\Hub\Editor\6000.5.3f1\Editor\Unity.exe
-batchmode
-nographics
-quit
-projectPath
C:\Users\hsu96\OneDrive\Desktop\和平高中黑課松
-logFile
C:\Users\hsu96\OneDrive\Desktop\和平高中黑課松\unity-retry.log
Successfully changed project path to: C:\Users\hsu96\OneDrive\Desktop\和平高中黑課松
C:/Users/hsu96/OneDrive/Desktop/和平高中黑課松
Exiting without the bug reporter. Application will terminate with return code 1